
C:\Projects\BetterMods\BetterEnd-Fabric-1.21.11>if "Windows_NT" == "Windows_NT" setlocal

C:\Projects\BetterMods\BetterEnd-Fabric-1.21.11>set DIRNAME=C:\Projects\BetterMods\BetterEnd-Fabric-1.21.11\ 

C:\Projects\BetterMods\BetterEnd-Fabric-1.21.11>if "C:\Projects\BetterMods\BetterEnd-Fabric-1.21.11\" == "" set DIRNAME=. 

C:\Projects\BetterMods\BetterEnd-Fabric-1.21.11>set APP_BASE_NAME=gradlew 

C:\Projects\BetterMods\BetterEnd-Fabric-1.21.11>set APP_HOME=C:\Projects\BetterMods\BetterEnd-Fabric-1.21.11\ 

C:\Projects\BetterMods\BetterEnd-Fabric-1.21.11>for %i in ("C:\Projects\BetterMods\BetterEnd-Fabric-1.21.11\") do set APP_HOME=%~fi 

C:\Projects\BetterMods\BetterEnd-Fabric-1.21.11>set APP_HOME=C:\Projects\BetterMods\BetterEnd-Fabric-1.21.11\ 

C:\Projects\BetterMods\BetterEnd-Fabric-1.21.11>set DEFAULT_JVM_OPTS="-Xmx64m" "-Xms64m" 

C:\Projects\BetterMods\BetterEnd-Fabric-1.21.11>if defined JAVA_HOME goto findJavaFromJavaHome 

C:\Projects\BetterMods\BetterEnd-Fabric-1.21.11>set JAVA_HOME=C:\Program Files\Java\jdk-21 

C:\Projects\BetterMods\BetterEnd-Fabric-1.21.11>set JAVA_EXE=C:\Program Files\Java\jdk-21/bin/java.exe 

C:\Projects\BetterMods\BetterEnd-Fabric-1.21.11>if exist "C:\Program Files\Java\jdk-21/bin/java.exe" goto execute 

C:\Projects\BetterMods\BetterEnd-Fabric-1.21.11>set CLASSPATH=C:\Projects\BetterMods\BetterEnd-Fabric-1.21.11\\gradle\wrapper\gradle-wrapper.jar 

C:\Projects\BetterMods\BetterEnd-Fabric-1.21.11>"C:\Program Files\Java\jdk-21/bin/java.exe" "-Xmx64m" "-Xms64m"   "-Dorg.gradle.appname=gradlew" -classpath "C:\Projects\BetterMods\BetterEnd-Fabric-1.21.11\\gradle\wrapper\gradle-wrapper.jar" org.gradle.wrapper.GradleWrapperMain compileJava --no-daemon --console=plain 
To honour the JVM settings for this build a single-use Daemon process will be forked. For more on this, please refer to https://docs.gradle.org/9.5.0/userguide/gradle_daemon.html#sec:disabling_the_daemon in the Gradle documentation.
Daemon will be stopped at the end of the build 
IntelliJ: false
!! Using local BCLib from '..\BCLib-Fabric-1.21.11'
!! Using local WunderLib from '..\WunderLib-Fabric-1.21.11'
!! Using local WorldWeaver from '..\WorldWeaver-Fabric-1.21.11'
:WorldWeaverIncluding module wover-common-api from ..\WorldWeaver-Fabric-1.21.11\wover-common-api
:WorldWeaverIncluding module wover-core-api from ..\WorldWeaver-Fabric-1.21.11\wover-core-api
:WorldWeaverIncluding module wover-math-api from ..\WorldWeaver-Fabric-1.21.11\wover-math-api
:WorldWeaverIncluding module wover-event-api from ..\WorldWeaver-Fabric-1.21.11\wover-event-api
:WorldWeaverIncluding module wover-surface-api from ..\WorldWeaver-Fabric-1.21.11\wover-surface-api
:WorldWeaverIncluding module wover-ui-api from ..\WorldWeaver-Fabric-1.21.11\wover-ui-api
:WorldWeaverIncluding module wover-datagen-api from ..\WorldWeaver-Fabric-1.21.11\wover-datagen-api
:WorldWeaverIncluding module wover-tag-api from ..\WorldWeaver-Fabric-1.21.11\wover-tag-api
:WorldWeaverIncluding module wover-preset-api from ..\WorldWeaver-Fabric-1.21.11\wover-preset-api
:WorldWeaverIncluding module wover-block-api from ..\WorldWeaver-Fabric-1.21.11\wover-block-api
:WorldWeaverIncluding module wover-item-api from ..\WorldWeaver-Fabric-1.21.11\wover-item-api
:WorldWeaverIncluding module wover-recipe-api from ..\WorldWeaver-Fabric-1.21.11\wover-recipe-api
:WorldWeaverIncluding module wover-feature-api from ..\WorldWeaver-Fabric-1.21.11\wover-feature-api
:WorldWeaverIncluding module wover-structure-api from ..\WorldWeaver-Fabric-1.21.11\wover-structure-api
:WorldWeaverIncluding module wover-biome-api from ..\WorldWeaver-Fabric-1.21.11\wover-biome-api
:WorldWeaverIncluding module wover-generator-api from ..\WorldWeaver-Fabric-1.21.11\wover-generator-api

> Configure project :
Fabric Loom: 1.17.12
Using local BCLib: true
Using local WunderLib: true
Using local WorldWeaver: true
Version: 21.11.2
fabric-apiworldweaverbclibCannot remap this$0 because it does not exist in any of the targets [net/minecraft/class_327$class_5232] or their parents.

> Configure project :BCLib
Fabric Loom: 1.17.12
Using local WunderLib: true
Using local WorldWeaver: true
Version: 21.11.2

> Configure project :WorldWeaver
Fabric Loom: 1.17.12
WorldWeaver-testmod
Adding dependencies for WorldWeaver
Version: 21.11.3
Fabric Loom: 1.17.12
wover-biome-api-testmod
Adding dependencies for wover-biome-api
Version: 21.11.2
Fabric Loom: 1.17.12
wover-block-api-testmod
Adding dependencies for wover-block-api
Version: 21.11.2
Fabric Loom: 1.17.12
wover-common-api-testmod
Adding dependencies for wover-common-api
Version: 21.11.2
Fabric Loom: 1.17.12
wover-core-api-testmod
Adding dependencies for wover-core-api
Version: 21.11.2
Fabric Loom: 1.17.12
wover-datagen-api-testmod
Adding dependencies for wover-datagen-api
Version: 21.11.2
Fabric Loom: 1.17.12
wover-event-api-testmod
Adding dependencies for wover-event-api
Version: 21.11.2
Fabric Loom: 1.17.12
wover-feature-api-testmod
Adding dependencies for wover-feature-api
Version: 21.11.2
Fabric Loom: 1.17.12
wover-generator-api-testmod
Mod ID: wover-generator
Adding dependencies for wover-generator-api
Version: 21.11.2
Fabric Loom: 1.17.12
wover-item-api-testmod
Mod ID: wover-item
Adding dependencies for wover-item-api
Version: 21.11.2
Fabric Loom: 1.17.12
wover-math-api-testmod
Adding dependencies for wover-math-api
Version: 21.11.2
Fabric Loom: 1.17.12
wover-preset-api-testmod
Mod ID: wover-preset
Adding dependencies for wover-preset-api
Version: 21.11.2
Fabric Loom: 1.17.12
wover-recipe-api-testmod
Mod ID: wover-recipe
Adding dependencies for wover-recipe-api
Version: 21.11.2
Fabric Loom: 1.17.12
wover-structure-api-testmod
Adding dependencies for wover-structure-api
Version: 21.11.2
Fabric Loom: 1.17.12
wover-surface-api-testmod
Mod ID: wover-surface
Adding dependencies for wover-surface-api
Version: 21.11.2
Fabric Loom: 1.17.12
wover-tag-api-testmod
Mod ID: wover-tag
Adding dependencies for wover-tag-api
Version: 21.11.2
Fabric Loom: 1.17.12
wover-ui-api-testmod
Adding dependencies for wover-ui-api
Version: 21.11.2

> Configure project :wunderlib
Fabric Loom: 1.17.12
wunderlib.gradle
> Task :spotlessInternalRegisterDependencies UP-TO-DATE
> Task :spotlessJava
> Task :spotlessJavaApply
> Task :spotlessApply
> Task :wunderlib:compileJava UP-TO-DATE
> Task :wunderlib:processResources UP-TO-DATE
> Task :wunderlib:classes UP-TO-DATE
> Task :wunderlib:jar UP-TO-DATE
> Task :WorldWeaver:wover-common-api:compileJava UP-TO-DATE
> Task :WorldWeaver:wover-common-api:processResources UP-TO-DATE
> Task :WorldWeaver:wover-common-api:classes UP-TO-DATE
> Task :WorldWeaver:wover-common-api:jar UP-TO-DATE
> Task :WorldWeaver:wover-core-api:compileJava UP-TO-DATE
> Task :WorldWeaver:wover-core-api:processResources UP-TO-DATE
> Task :WorldWeaver:wover-core-api:classes UP-TO-DATE
> Task :WorldWeaver:wover-core-api:jar UP-TO-DATE
> Task :WorldWeaver:wover-datagen-api:compileJava UP-TO-DATE
> Task :WorldWeaver:wover-datagen-api:processResources UP-TO-DATE
> Task :WorldWeaver:wover-datagen-api:classes UP-TO-DATE
> Task :WorldWeaver:wover-datagen-api:jar UP-TO-DATE
> Task :WorldWeaver:wover-event-api:compileJava UP-TO-DATE
> Task :WorldWeaver:wover-event-api:processResources UP-TO-DATE
> Task :WorldWeaver:wover-event-api:classes UP-TO-DATE
> Task :WorldWeaver:wover-event-api:jar UP-TO-DATE
> Task :WorldWeaver:wover-tag-api:compileJava UP-TO-DATE
> Task :WorldWeaver:wover-tag-api:processResources UP-TO-DATE
> Task :WorldWeaver:wover-tag-api:classes UP-TO-DATE
> Task :WorldWeaver:wover-tag-api:jar UP-TO-DATE
> Task :WorldWeaver:wover-item-api:compileJava UP-TO-DATE
> Task :WorldWeaver:wover-item-api:processResources UP-TO-DATE
> Task :WorldWeaver:wover-item-api:classes UP-TO-DATE
> Task :WorldWeaver:wover-item-api:jar UP-TO-DATE
> Task :WorldWeaver:wover-block-api:compileJava UP-TO-DATE
> Task :WorldWeaver:wover-block-api:processResources UP-TO-DATE
> Task :WorldWeaver:wover-block-api:classes UP-TO-DATE
> Task :WorldWeaver:wover-block-api:jar UP-TO-DATE
> Task :WorldWeaver:wover-math-api:compileJava UP-TO-DATE
> Task :WorldWeaver:wover-math-api:processResources UP-TO-DATE
> Task :WorldWeaver:wover-math-api:classes UP-TO-DATE
> Task :WorldWeaver:wover-math-api:jar UP-TO-DATE
> Task :WorldWeaver:wover-structure-api:compileJava UP-TO-DATE
> Task :WorldWeaver:wover-structure-api:processResources UP-TO-DATE
> Task :WorldWeaver:wover-structure-api:classes UP-TO-DATE
> Task :WorldWeaver:wover-structure-api:jar UP-TO-DATE
> Task :WorldWeaver:wover-surface-api:compileJava UP-TO-DATE
> Task :WorldWeaver:wover-surface-api:processResources UP-TO-DATE
> Task :WorldWeaver:wover-surface-api:classes UP-TO-DATE
> Task :WorldWeaver:wover-surface-api:jar UP-TO-DATE
> Task :WorldWeaver:wover-feature-api:compileJava UP-TO-DATE
> Task :WorldWeaver:wover-feature-api:processResources UP-TO-DATE
> Task :WorldWeaver:wover-feature-api:classes UP-TO-DATE
> Task :WorldWeaver:wover-feature-api:jar UP-TO-DATE
> Task :WorldWeaver:wover-biome-api:compileJava UP-TO-DATE
> Task :WorldWeaver:wover-biome-api:processResources UP-TO-DATE
> Task :WorldWeaver:wover-biome-api:classes UP-TO-DATE
> Task :WorldWeaver:wover-biome-api:jar UP-TO-DATE
> Task :WorldWeaver:wover-preset-api:compileJava UP-TO-DATE
> Task :WorldWeaver:wover-preset-api:processResources UP-TO-DATE
> Task :WorldWeaver:wover-preset-api:classes UP-TO-DATE
> Task :WorldWeaver:wover-preset-api:jar UP-TO-DATE
> Task :WorldWeaver:wover-ui-api:compileJava UP-TO-DATE
> Task :WorldWeaver:wover-ui-api:processResources UP-TO-DATE
> Task :WorldWeaver:wover-ui-api:classes UP-TO-DATE
> Task :WorldWeaver:wover-ui-api:jar UP-TO-DATE
> Task :WorldWeaver:wover-generator-api:compileJava UP-TO-DATE
> Task :WorldWeaver:wover-generator-api:processResources UP-TO-DATE
> Task :WorldWeaver:wover-generator-api:classes UP-TO-DATE
> Task :WorldWeaver:wover-generator-api:jar UP-TO-DATE
> Task :WorldWeaver:wover-recipe-api:compileJava UP-TO-DATE
> Task :WorldWeaver:wover-recipe-api:processResources UP-TO-DATE
> Task :WorldWeaver:wover-recipe-api:classes UP-TO-DATE
> Task :WorldWeaver:wover-recipe-api:jar UP-TO-DATE
> Task :WorldWeaver:compileJava UP-TO-DATE
> Task :WorldWeaver:processResources UP-TO-DATE
> Task :WorldWeaver:classes UP-TO-DATE
> Task :WorldWeaver:jar UP-TO-DATE
> Task :BCLib:compileJava UP-TO-DATE
> Task :BCLib:processResources UP-TO-DATE
> Task :BCLib:classes UP-TO-DATE
> Task :BCLib:jar UP-TO-DATE

> Task :compileJava
C:\Projects\BetterMods\BetterEnd-Fabric-1.21.11\src\main\java\org\betterx\betterend\commands\CommandRegistry.java:16: error: cannot find symbol
import net.minecraft.Util;
                    ^
  symbol:   class Util
  location: package net.minecraft
C:\Projects\BetterMods\BetterEnd-Fabric-1.21.11\src\main\java\org\betterx\betterend\integration\rei\REIPlugin.java:17: error: cannot find symbol
import net.fabricmc.fabric.api.registry.FuelRegistry;
                                       ^
  symbol:   class FuelRegistry
  location: package net.fabricmc.fabric.api.registry
C:\Projects\BetterMods\BetterEnd-Fabric-1.21.11\src\main\java\org\betterx\betterend\integration\rei\REIPlugin.java:18: error: cannot find symbol
import net.fabricmc.fabric.impl.content.registry.FuelRegistryImpl;
                                                ^
  symbol:   class FuelRegistryImpl
  location: package net.fabricmc.fabric.impl.content.registry
C:\Projects\BetterMods\BetterEnd-Fabric-1.21.11\src\main\java\org\betterx\betterend\blocks\entities\EndStoneSmelterBlockEntity.java:538: error: cannot find symbol
        return stack.getBurnTime(RecipeType.BLASTING, level.fuelValues());
                    ^
  symbol:   method getBurnTime(RecipeType<BlastingRecipe>,FuelValues)
  location: variable stack of type ItemStack
C:\Projects\BetterMods\BetterEnd-Fabric-1.21.11\src\main\java\org\betterx\betterend\client\BetterEndClient.java:42: error: cannot find symbol
            pluginContext.resolveModel().register((context) -> {
                         ^
  symbol:   method resolveModel()
  location: variable pluginContext of type Context
C:\Projects\BetterMods\BetterEnd-Fabric-1.21.11\src\main\java\org\betterx\betterend\client\BetterEndClient.java:57: error: cannot find symbol
        ItemTooltipCallback.EVENT.register((player, stack, context, lines) -> {
                           ^
  symbol:   variable EVENT
  location: interface ItemTooltipCallback
C:\Projects\BetterMods\BetterEnd-Fabric-1.21.11\src\main\java\org\betterx\betterend\client\gui\EndStoneSmelterRecipeBookScreen.java:55: error: setResult(Slot,ContextMap,SlotDisplay) has protected access in GhostSlots
        ghostSlots.setResult(this.menu.getResultSlot(), context, recipeDisplay.result());
                  ^
C:\Projects\BetterMods\BetterEnd-Fabric-1.21.11\src\main\java\org\betterx\betterend\client\gui\EndStoneSmelterRecipeBookScreen.java:57: error: setInput(Slot,ContextMap,SlotDisplay) has protected access in GhostSlots
            ghostSlots.setInput(this.menu.getInputSlotA(), context, furnaceRecipeDisplay.ingredient());
                      ^
C:\Projects\BetterMods\BetterEnd-Fabric-1.21.11\src\main\java\org\betterx\betterend\client\gui\EndStoneSmelterRecipeBookScreen.java:60: error: setInput(Slot,ContextMap,SlotDisplay) has protected access in GhostSlots
                ghostSlots.setInput(fuelSlot, context, furnaceRecipeDisplay.fuel());
                          ^
C:\Projects\BetterMods\BetterEnd-Fabric-1.21.11\src\main\java\org\betterx\betterend\client\render\BetterEndSkyRenderer.java:288: error: cannot find symbol
        RenderPipeline pipeline = textured ? BetterEndRenderPipelines.SKY_TEXTURED : BetterEndRenderPipelines.SKY_STARS;
                                             ^
  symbol:   variable BetterEndRenderPipelines
  location: class BetterEndSkyRenderer
C:\Projects\BetterMods\BetterEnd-Fabric-1.21.11\src\main\java\org\betterx\betterend\client\render\BetterEndSkyRenderer.java:288: error: cannot find symbol
        RenderPipeline pipeline = textured ? BetterEndRenderPipelines.SKY_TEXTURED : BetterEndRenderPipelines.SKY_STARS;
                                                                                     ^
  symbol:   variable BetterEndRenderPipelines
  location: class BetterEndSkyRenderer
C:\Projects\BetterMods\BetterEnd-Fabric-1.21.11\src\main\java\org\betterx\betterend\commands\CommandRegistry.java:60: error: cannot find symbol
                        .requires(source -> source.hasPermission(Commands.LEVEL_OWNERS))
                                                  ^
  symbol:   method hasPermission(PermissionCheck)
  location: variable source of type CommandSourceStack
C:\Projects\BetterMods\BetterEnd-Fabric-1.21.11\src\main\java\org\betterx\betterend\commands\CommandRegistry.java:62: error: cannot find symbol
                                      .requires(source -> source.hasPermission(Commands.LEVEL_OWNERS))
                                                                ^
  symbol:   method hasPermission(PermissionCheck)
  location: variable source of type CommandSourceStack
C:\Projects\BetterMods\BetterEnd-Fabric-1.21.11\src\main\java\org\betterx\betterend\commands\CommandRegistry.java:66: error: cannot find symbol
                                      .requires(source -> source.hasPermission(Commands.LEVEL_OWNERS))
                                                                ^
  symbol:   method hasPermission(PermissionCheck)
  location: variable source of type CommandSourceStack
C:\Projects\BetterMods\BetterEnd-Fabric-1.21.11\src\main\java\org\betterx\betterend\commands\CommandRegistry.java:70: error: cannot find symbol
                                      .requires(source -> source.hasPermission(Commands.LEVEL_OWNERS))
                                                                ^
  symbol:   method hasPermission(PermissionCheck)
  location: variable source of type CommandSourceStack
C:\Projects\BetterMods\BetterEnd-Fabric-1.21.11\src\main\java\org\betterx\betterend\commands\CommandRegistry.java:110: error: cannot find symbol
                .registry(Registries.BIOME)
                ^
  symbol:   method registry(ResourceKey<Registry<Biome>>)
  location: interface RegistryAccess
C:\Projects\BetterMods\BetterEnd-Fabric-1.21.11\src\main\java\org\betterx\betterend\commands\CommandRegistry.java:155: error: cannot find symbol
                if (yPos <= player.level().getMinBuildHeight() + 1) {
                                          ^
  symbol:   method getMinBuildHeight()
  location: class ServerLevel
C:\Projects\BetterMods\BetterEnd-Fabric-1.21.11\src\main\java\org\betterx\betterend\commands\CommandRegistry.java:160: error: cannot find symbol
            } while (!state.isAir() && yPos > player.level().getMinBuildHeight() && yPos < player.level()
                                                            ^
  symbol:   method getMinBuildHeight()
  location: class ServerLevel
C:\Projects\BetterMods\BetterEnd-Fabric-1.21.11\src\main\java\org\betterx\betterend\commands\CommandRegistry.java:161: error: cannot find symbol
                                                                                                 .getMaxBuildHeight());
                                                                                                 ^
  symbol:   method getMaxBuildHeight()
  location: class ServerLevel
C:\Projects\BetterMods\BetterEnd-Fabric-1.21.11\src\main\java\org\betterx\betterend\commands\CommandRegistry.java:164: error: no suitable method found for teleport(double,double,double,int,int,Set)
            player.connection.teleport(
                             ^
    method ServerGamePacketListenerImpl.teleport(double,double,double,float,float) is not applicable
      (actual and formal argument lists differ in length)
    method ServerGamePacketListenerImpl.teleport(PositionMoveRotation,Set<Relative>) is not applicable
      (actual and formal argument lists differ in length)
C:\Projects\BetterMods\BetterEnd-Fabric-1.21.11\src\main\java\org\betterx\betterend\commands\CommandRegistry.java:195: error: cannot find symbol
                Stopwatch stopwatch = Stopwatch.createStarted(Util.TICKER);
                                                              ^
  symbol:   variable Util
  location: class CommandRegistry
C:\Projects\BetterMods\BetterEnd-Fabric-1.21.11\src\main\java\org\betterx\betterend\commands\CommandRegistry.java:197: error: cannot find symbol
                                            .registryOrThrow(Registries.BIOME)
                                            ^
  symbol:   method registryOrThrow(ResourceKey<Registry<Biome>>)
  location: interface RegistryAccess
C:\Projects\BetterMods\BetterEnd-Fabric-1.21.11\src\main\java\org\betterx\betterend\effects\EndStatusEffects.java:25: error: cannot find symbol
            MobEffects.DIG_SPEED,
                      ^
  symbol:   variable DIG_SPEED
  location: class MobEffects
C:\Projects\BetterMods\BetterEnd-Fabric-1.21.11\src\main\java\org\betterx\betterend\effects\EndStatusEffects.java:33: error: cannot find symbol
            MobEffects.MOVEMENT_SPEED,
                      ^
  symbol:   variable MOVEMENT_SPEED
  location: class MobEffects
C:\Projects\BetterMods\BetterEnd-Fabric-1.21.11\src\main\java\org\betterx\betterend\integration\DyeDepotIntegration.java:19: error: cannot find symbol
        super(BetterEnd.DYE_DEPOT);
                       ^
  symbol:   variable DYE_DEPOT
  location: class BetterEnd
C:\Projects\BetterMods\BetterEnd-Fabric-1.21.11\src\main\java\org\betterx\betterend\integration\emi\EMIBlastingRecipe.java:16: error: cannot find symbol
                recipe.id().getNamespace() + "/" + recipe.id().getPath() + "/allloying"
                           ^
  symbol:   method getNamespace()
  location: class ResourceKey<Recipe<?>>
C:\Projects\BetterMods\BetterEnd-Fabric-1.21.11\src\main\java\org\betterx\betterend\integration\emi\EMIBlastingRecipe.java:16: error: cannot find symbol
                recipe.id().getNamespace() + "/" + recipe.id().getPath() + "/allloying"
                                                              ^
  symbol:   method getPath()
  location: class ResourceKey<Recipe<?>>
C:\Projects\BetterMods\BetterEnd-Fabric-1.21.11\src\main\java\org\betterx\betterend\integration\emi\EMIBlastingRecipe.java:20: error: method does not override or implement a method from a supertype
    @Override
    ^
C:\Projects\BetterMods\BetterEnd-Fabric-1.21.11\src\main\java\org\betterx\betterend\integration\emi\EMIBlastingRecipe.java:22: error: cannot find symbol
        return recipe.getCookingTime();
               ^
  symbol:   variable recipe
  location: class EMIBlastingRecipe
C:\Projects\BetterMods\BetterEnd-Fabric-1.21.11\src\main\java\org\betterx\betterend\integration\emi\EMIBlastingRecipe.java:25: error: method does not override or implement a method from a supertype
    @Override
    ^
C:\Projects\BetterMods\BetterEnd-Fabric-1.21.11\src\main\java\org\betterx\betterend\integration\emi\EMIBlastingRecipe.java:27: error: cannot find symbol
        return recipe.getExperience();
               ^
  symbol:   variable recipe
  location: class EMIBlastingRecipe
C:\Projects\BetterMods\BetterEnd-Fabric-1.21.11\src\main\java\org\betterx\betterend\integration\emi\EMIBlastingRecipe.java:32: error: cannot find symbol
        EMIPlugin.addAllRecipes(
                 ^
  symbol:   method addAllRecipes(EmiRegistry,RecipeManager,Logger,RecipeType<BlastingRecipe>,EMIBlastin[...]::new)
  location: class EMIPlugin
C:\Projects\BetterMods\BetterEnd-Fabric-1.21.11\src\main\java\org\betterx\betterend\integration\emi\EMIInfusionRecipe.java:49: error: incompatible types: ResourceKey<Recipe<?>> cannot be converted to Identifier
        this.id = recipe.id();
                           ^
C:\Projects\BetterMods\BetterEnd-Fabric-1.21.11\src\main\java\org\betterx\betterend\integration\emi\EMIInfusionRecipe.java:57: error: cannot find symbol
        org.betterx.bclib.integration.emi.EMIPlugin.addAllRecipes(
                                                   ^
  symbol:   method addAllRecipes(EmiRegistry,RecipeManager,Logger,RecipeType<InfusionRecipe>,EMIInfusio[...]::new)
  location: class EMIPlugin
C:\Projects\BetterMods\BetterEnd-Fabric-1.21.11\src\main\java\org\betterx\betterend\integration\emi\EMIPlugin.java:30: error: cannot find symbol
            org.betterx.bclib.integration.emi.EMIPlugin.getSprite(0, 16)
                                                       ^
  symbol:   method getSprite(int,int)
  location: class EMIPlugin
C:\Projects\BetterMods\BetterEnd-Fabric-1.21.11\src\main\java\org\betterx\betterend\integration\emi\EMIPlugin.java:40: error: cannot find symbol
        if (org.betterx.bclib.integration.emi.EMIPlugin.END_ALLOYING_CATEGORY != null) {
                                                       ^
  symbol:   variable END_ALLOYING_CATEGORY
  location: class EMIPlugin
C:\Projects\BetterMods\BetterEnd-Fabric-1.21.11\src\main\java\org\betterx\betterend\integration\emi\EMIPlugin.java:49: error: cannot find symbol
        bclibPlugin.lazyInit();
                   ^
  symbol:   method lazyInit()
  location: variable bclibPlugin of type EMIPlugin
C:\Projects\BetterMods\BetterEnd-Fabric-1.21.11\src\main\java\org\betterx\betterend\integration\emi\EMIPlugin.java:50: error: cannot find symbol
        if (org.betterx.bclib.integration.emi.EMIPlugin.ANVIL_CATEGORIES != null
                                                       ^
  symbol:   variable ANVIL_CATEGORIES
  location: class EMIPlugin
C:\Projects\BetterMods\BetterEnd-Fabric-1.21.11\src\main\java\org\betterx\betterend\integration\emi\EMIPlugin.java:51: error: cannot find symbol
                && org.betterx.bclib.integration.emi.EMIPlugin.ANVIL_WORKSTATIONS != null) {
                                                              ^
  symbol:   variable ANVIL_WORKSTATIONS
  location: class EMIPlugin
C:\Projects\BetterMods\BetterEnd-Fabric-1.21.11\src\main\java\org\betterx\betterend\integration\emi\EMIPlugin.java:52: error: cannot find symbol
            for (int i = 0; i < org.betterx.bclib.integration.emi.EMIPlugin.ANVIL_CATEGORIES.length; i++) {
                                                                           ^
  symbol:   variable ANVIL_CATEGORIES
  location: class EMIPlugin
C:\Projects\BetterMods\BetterEnd-Fabric-1.21.11\src\main\java\org\betterx\betterend\integration\emi\EMIPlugin.java:53: error: cannot find symbol
                EmiRecipeCategory category = org.betterx.bclib.integration.emi.EMIPlugin.ANVIL_CATEGORIES[i];
                                                                                        ^
  symbol:   variable ANVIL_CATEGORIES
  location: class EMIPlugin
C:\Projects\BetterMods\BetterEnd-Fabric-1.21.11\src\main\java\org\betterx\betterend\integration\emi\EMIPlugin.java:58: error: cannot find symbol
                            org.betterx.bclib.integration.emi.EMIPlugin.ANVIL_WORKSTATIONS[i]
                                                                       ^
  symbol:   variable ANVIL_WORKSTATIONS
  location: class EMIPlugin
C:\Projects\BetterMods\BetterEnd-Fabric-1.21.11\src\main\java\org\betterx\betterend\integration\emi\EMIPlugin.java:63: error: cannot find symbol
            org.betterx.bclib.integration.emi.EMIPlugin.addAllRecipes(
                                                       ^
  symbol:   method addAllRecipes(EmiRegistry,RecipeManager,Logger,RecipeType<AnvilRecipe>,(recipe)->[...]ist(),EMIAnvilRecipe::new)
  location: class EMIPlugin
C:\Projects\BetterMods\BetterEnd-Fabric-1.21.11\src\main\java\org\betterx\betterend\integration\Integrations.java:21: error: cannot find symbol
        if (BetterEnd.PATCHOULI.isLoaded() && BetterEnd.ENABLE_GUIDEBOOK) {
                     ^
  symbol:   variable PATCHOULI
  location: class BetterEnd
C:\Projects\BetterMods\BetterEnd-Fabric-1.21.11\src\main\java\org\betterx\betterend\integration\Integrations.java:21: error: cannot find symbol
        if (BetterEnd.PATCHOULI.isLoaded() && BetterEnd.ENABLE_GUIDEBOOK) {
                                                       ^
  symbol:   variable ENABLE_GUIDEBOOK
  location: class BetterEnd
C:\Projects\BetterMods\BetterEnd-Fabric-1.21.11\src\main\java\org\betterx\betterend\integration\rei\REIAlloyingDisplay.java:26: error: REIAlloyingDisplay is not abstract and does not override abstract method getSerializer() in Display
public class REIAlloyingDisplay extends BasicDisplay implements SimpleGridMenuDisplay {
       ^
C:\Projects\BetterMods\BetterEnd-Fabric-1.21.11\src\main\java\org\betterx\betterend\integration\rei\REIAlloyingDisplay.java:58: error: incompatible types: inference variable U has incompatible bounds
        return Optional.ofNullable(recipe).map(RecipeHolder::id);
                                              ^
    equality constraints: Identifier
    lower bounds: ResourceKey<Recipe<?>>
  where U,T are type-variables:
    U extends Object declared in method <U>map(Function<? super T,? extends U>)
    T extends Object declared in class Optional
C:\Projects\BetterMods\BetterEnd-Fabric-1.21.11\src\main\java\org\betterx\betterend\integration\rei\REIAlloyingFuelDisplay.java:10: error: REIAlloyingFuelDisplay is not abstract and does not override abstract method getSerializer() in Display
public class REIAlloyingFuelDisplay extends BasicDisplay {
       ^
C:\Projects\BetterMods\BetterEnd-Fabric-1.21.11\src\main\java\org\betterx\betterend\integration\rei\REIAnvilDisplay.java:19: error: REIAnvilDisplay is not abstract and does not override abstract method getSerializer() in Display
public class REIAnvilDisplay extends BasicDisplay implements SimpleGridMenuDisplay {
       ^
C:\Projects\BetterMods\BetterEnd-Fabric-1.21.11\src\main\java\org\betterx\betterend\integration\rei\REIAnvilDisplay.java:49: error: incompatible types: inference variable U has incompatible bounds
        return Optional.ofNullable(recipe).map(RecipeHolder::id);
                                              ^
    equality constraints: Identifier
    lower bounds: ResourceKey<Recipe<?>>
  where U,T are type-variables:
    U extends Object declared in method <U>map(Function<? super T,? extends U>)
    T extends Object declared in class Optional
C:\Projects\BetterMods\BetterEnd-Fabric-1.21.11\src\main\java\org\betterx\betterend\integration\rei\REIBlastingDisplay.java:26: error: REIBlastingDisplay is not abstract and does not override abstract method getSerializer() in Display
public class REIBlastingDisplay extends BasicDisplay implements SimpleGridMenuDisplay {
       ^
C:\Projects\BetterMods\BetterEnd-Fabric-1.21.11\src\main\java\org\betterx\betterend\integration\rei\REIBlastingDisplay.java:35: error: cannot find symbol
        this(recipe, recipe.value().getExperience(), recipe.value().getCookingTime());
                                   ^
  symbol:   method getExperience()
  location: class BlastingRecipe
C:\Projects\BetterMods\BetterEnd-Fabric-1.21.11\src\main\java\org\betterx\betterend\integration\rei\REIBlastingDisplay.java:35: error: cannot find symbol
        this(recipe, recipe.value().getExperience(), recipe.value().getCookingTime());
                                                                   ^
  symbol:   method getCookingTime()
  location: class BlastingRecipe
C:\Projects\BetterMods\BetterEnd-Fabric-1.21.11\src\main\java\org\betterx\betterend\integration\rei\REIBlastingDisplay.java:40: error: cannot find symbol
                EntryIngredients.ofIngredients(recipe.value().getIngredients()),
                                                             ^
  symbol:   method getIngredients()
  location: class BlastingRecipe
C:\Projects\BetterMods\BetterEnd-Fabric-1.21.11\src\main\java\org\betterx\betterend\integration\rei\REIBlastingDisplay.java:43: error: cannot find symbol
                        .getResultItem(Minecraft.getInstance().level.registryAccess())))
                        ^
  symbol:   method getResultItem(RegistryAccess)
  location: class BlastingRecipe
C:\Projects\BetterMods\BetterEnd-Fabric-1.21.11\src\main\java\org\betterx\betterend\integration\rei\REIBlastingDisplay.java:57: error: incompatible types: inference variable U has incompatible bounds
        return Optional.ofNullable(recipe).map(RecipeHolder::id);
                                              ^
    equality constraints: Identifier
    lower bounds: ResourceKey<Recipe<?>>
  where U,T are type-variables:
    U extends Object declared in method <U>map(Function<? super T,? extends U>)
    T extends Object declared in class Optional
C:\Projects\BetterMods\BetterEnd-Fabric-1.21.11\src\main\java\org\betterx\betterend\integration\rei\REIInfusionDisplay.java:18: error: REIInfusionDisplay is not abstract and does not override abstract method getSerializer() in Display
public class REIInfusionDisplay extends BasicDisplay implements SimpleGridMenuDisplay {
       ^
C:\Projects\BetterMods\BetterEnd-Fabric-1.21.11\src\main\java\org\betterx\betterend\integration\rei\REIInfusionDisplay.java:40: error: incompatible types: inference variable U has incompatible bounds
        return Optional.ofNullable(recipe).map(RecipeHolder::id);
                                              ^
    equality constraints: Identifier
    lower bounds: ResourceKey<Recipe<?>>
  where U,T are type-variables:
    U extends Object declared in method <U>map(Function<? super T,? extends U>)
    T extends Object declared in class Optional
C:\Projects\BetterMods\BetterEnd-Fabric-1.21.11\src\main\java\org\betterx\betterend\integration\rei\REIPlugin.java:58: error: cannot find symbol
        registry.registerRecipeFiller(AlloyingRecipe.class, AlloyingRecipe.TYPE, REIAlloyingDisplay::new);
                ^
  symbol:   method registerRecipeFiller(Class<AlloyingRecipe>,RecipeType<AlloyingRecipe>,REIAlloyin[...]::new)
  location: variable registry of type DisplayRegistry
C:\Projects\BetterMods\BetterEnd-Fabric-1.21.11\src\main\java\org\betterx\betterend\integration\rei\REIPlugin.java:59: error: cannot find symbol
        registry.registerRecipeFiller(BlastingRecipe.class, RecipeType.BLASTING, REIBlastingDisplay::new);
                ^
  symbol:   method registerRecipeFiller(Class<BlastingRecipe>,RecipeType<BlastingRecipe>,REIBlastin[...]::new)
  location: variable registry of type DisplayRegistry
C:\Projects\BetterMods\BetterEnd-Fabric-1.21.11\src\main\java\org\betterx\betterend\integration\rei\REIPlugin.java:60: error: cannot find symbol
        registry.registerRecipeFiller(AnvilRecipe.class, AnvilRecipe.TYPE, REIAnvilDisplay::new);
                ^
  symbol:   method registerRecipeFiller(Class<AnvilRecipe>,RecipeType<AnvilRecipe>,REIAnvilDi[...]::new)
  location: variable registry of type DisplayRegistry
C:\Projects\BetterMods\BetterEnd-Fabric-1.21.11\src\main\java\org\betterx\betterend\integration\rei\REIPlugin.java:61: error: cannot find symbol
        registry.registerRecipeFiller(InfusionRecipe.class, InfusionRecipe.TYPE, REIInfusionDisplay::new);
                ^
  symbol:   method registerRecipeFiller(Class<InfusionRecipe>,RecipeType<InfusionRecipe>,REIInfusio[...]::new)
  location: variable registry of type DisplayRegistry
C:\Projects\BetterMods\BetterEnd-Fabric-1.21.11\src\main\java\org\betterx\betterend\integration\rei\REIPlugin.java:63: error: cannot find symbol
        if (FuelRegistry.INSTANCE instanceof FuelRegistryImpl fabricImpl) {
            ^
  symbol:   variable FuelRegistry
  location: class REIPlugin
C:\Projects\BetterMods\BetterEnd-Fabric-1.21.11\src\main\java\org\betterx\betterend\integration\rei\REIPlugin.java:63: error: cannot find symbol
        if (FuelRegistry.INSTANCE instanceof FuelRegistryImpl fabricImpl) {
                                             ^
  symbol:   class FuelRegistryImpl
  location: class REIPlugin
C:\Projects\BetterMods\BetterEnd-Fabric-1.21.11\src\main\java\org\betterx\betterend\mixin\client\ArmorStandRendererMixin.java:47: error: addLayer(RenderLayer<S,M>) has protected access in LivingEntityRenderer
        renderer.addLayer(new ArmoredElytraLayer(parent, modelSet));
                ^
  where S,M are type-variables:
    S extends LivingEntityRenderState declared in class LivingEntityRenderer
    M extends EntityModel<? super S> declared in class LivingEntityRenderer
C:\Projects\BetterMods\BetterEnd-Fabric-1.21.11\src\main\java\org\betterx\betterend\mixin\client\HumanoidMobRendererMixin.java:47: error: addLayer(RenderLayer<S,M>) has protected access in LivingEntityRenderer
        renderer.addLayer(new ArmoredElytraLayer(parent, modelSet));
                ^
  where S,M are type-variables:
    S extends LivingEntityRenderState declared in class LivingEntityRenderer
    M extends EntityModel<? super S> declared in class LivingEntityRenderer
C:\Projects\BetterMods\BetterEnd-Fabric-1.21.11\src\main\java\org\betterx\betterend\mixin\client\PlayerRendererMixin.java:47: error: addLayer(RenderLayer<S,M>) has protected access in LivingEntityRenderer
        renderer.addLayer(new ArmoredElytraLayer(parent, modelSet));
                ^
  where S,M are type-variables:
    S extends LivingEntityRenderState declared in class LivingEntityRenderer
    M extends EntityModel<? super S> declared in class LivingEntityRenderer
C:\Projects\BetterMods\BetterEnd-Fabric-1.21.11\src\main\java\org\betterx\betterend\mixin\common\EnderManMixin.java:23: error: cannot find symbol
        if (player.isCreative() || player.hasEffect(EndStatusEffects.END_VEIL) || EnchantmentHelper.has(headItem, EndEnchantments.getEndVeilState())) {
                                                                                                                                 ^
  symbol:   method getEndVeilState()
  location: class EndEnchantments
C:\Projects\BetterMods\BetterEnd-Fabric-1.21.11\src\main\java\org\betterx\betterend\registry\EndBlocks.java:624: error: cannot find symbol
            BLOCKS_REGISTRY.setInitializer(EndBlocks::registerBlocks);
                           ^
  symbol:   method setInitializer(EndBlocks:[...]locks)
  location: variable BLOCKS_REGISTRY of type BlockRegistry
C:\Projects\BetterMods\BetterEnd-Fabric-1.21.11\src\main\java\org\betterx\betterend\registry\EndEntities.java:124: error: method build in class FabricEntityTypeBuilder<T> cannot be applied to given types;
                .build();
                ^
  required: ResourceKey<EntityType<?>>
  found:    no arguments
  reason: actual and formal argument lists differ in length
  where T is a type-variable:
    T extends Entity declared in class FabricEntityTypeBuilder
C:\Projects\BetterMods\BetterEnd-Fabric-1.21.11\src\main\java\org\betterx\betterend\registry\EndEntities.java:146: error: method build in class FabricEntityTypeBuilder<T> cannot be applied to given types;
                .build();
                ^
  required: ResourceKey<EntityType<?>>
  found:    no arguments
  reason: actual and formal argument lists differ in length
  where T is a type-variable:
    T extends Entity declared in class FabricEntityTypeBuilder
C:\Projects\BetterMods\BetterEnd-Fabric-1.21.11\src\main\java\org\betterx\betterend\registry\EndFeatures.java:100: error: cannot find symbol
            features = WorldState.allStageRegistryAccess().registryOrThrow(Registries.FEATURE);
                                                          ^
  symbol:   method registryOrThrow(ResourceKey<Registry<Feature<?>>>)
  location: interface RegistryAccess
C:\Projects\BetterMods\BetterEnd-Fabric-1.21.11\src\main\java\org\betterx\betterend\registry\EndFeatures.java:106: error: incompatible types: Optional<Reference<Feature<?>>> cannot be converted to F
            return (F) features.get(l);
                                   ^
  where F,FC are type-variables:
    F extends Feature<FC> declared in method <F,FC>inlineBuild(String,F)
    FC extends FeatureConfiguration declared in method <F,FC>inlineBuild(String,F)
C:\Projects\BetterMods\BetterEnd-Fabric-1.21.11\src\main\java\org\betterx\betterend\registry\EndItems.java:76: error: cannot find symbol
    public static final Item GUIDE_BOOK = BetterEnd.ENABLE_GUIDEBOOK
                                                   ^
  symbol:   variable ENABLE_GUIDEBOOK
  location: class BetterEnd
C:\Projects\BetterMods\BetterEnd-Fabric-1.21.11\src\main\java\org\betterx\betterend\registry\EndPortals.java:22: error: cannot find symbol
    public final static Identifier OVERWORLD_ID = Level.OVERWORLD.location();
                                                                 ^
  symbol:   method location()
  location: variable OVERWORLD of type ResourceKey<Level>
C:\Projects\BetterMods\BetterEnd-Fabric-1.21.11\src\main\java\org\betterx\betterend\registry\EndPortals.java:145: error: cannot find symbol
                if (world.dimension().location().equals(dimension)) {
                                     ^
  symbol:   method location()
  location: class ResourceKey<Level>
C:\Projects\BetterMods\BetterEnd-Fabric-1.21.11\src\main\java\org\betterx\betterend\util\LootTableUtil.java:48: error: cannot find symbol
            final Identifier id = key.location();
                                     ^
  symbol:   method location()
  location: variable key of type ResourceKey<LootTable>
C:\Projects\BetterMods\BetterEnd-Fabric-1.21.11\src\main\java\org\betterx\datagen\betterend\BetterEndDatagen.java:69: error: cannot find symbol
        if (BetterEnd.ENABLE_GUIDEBOOK && BetterEnd.PATCHOULI_ADDITIONS_PACK != null) {
                     ^
  symbol:   variable ENABLE_GUIDEBOOK
  location: class BetterEnd
C:\Projects\BetterMods\BetterEnd-Fabric-1.21.11\src\main\java\org\betterx\datagen\betterend\BetterEndDatagen.java:69: error: cannot find symbol
        if (BetterEnd.ENABLE_GUIDEBOOK && BetterEnd.PATCHOULI_ADDITIONS_PACK != null) {
                                                   ^
  symbol:   variable PATCHOULI_ADDITIONS_PACK
  location: class BetterEnd
C:\Projects\BetterMods\BetterEnd-Fabric-1.21.11\src\main\java\org\betterx\datagen\betterend\BetterEndDatagen.java:70: error: cannot find symbol
            addDatapack(BetterEnd.PATCHOULI_ADDITIONS_PACK)
                                 ^
  symbol:   variable PATCHOULI_ADDITIONS_PACK
  location: class BetterEnd
C:\Projects\BetterMods\BetterEnd-Fabric-1.21.11\src\main\java\org\betterx\datagen\betterend\EndEquipmentAssetProvider.java:18: error: EndEquipmentAssetProvider is not abstract and does not override abstract method getProvider(FabricDataOutput,CompletableFuture<Provider>) in WoverDataProvider
public class EndEquipmentAssetProvider implements WoverDataProvider<DataProvider> {
       ^
C:\Projects\BetterMods\BetterEnd-Fabric-1.21.11\src\main\java\org\betterx\datagen\betterend\EndEquipmentAssetProvider.java:22: error: method does not override or implement a method from a supertype
    @Override
    ^
C:\Projects\BetterMods\BetterEnd-Fabric-1.21.11\src\main\java\org\betterx\datagen\betterend\recipes\EndEnchantmentProvider.java:34: error: cannot find symbol
                .withEffect(EndEnchantments.getEndVeilState())
                                           ^
  symbol:   method getEndVeilState()
  location: class EndEnchantments
Note: Some input files use or override a deprecated API.
Note: Recompile with -Xlint:deprecation for details.
Note: Some input files use unchecked or unsafe operations.
Note: Recompile with -Xlint:unchecked for details.
83 errors

> Task :compileJava FAILED

[Incubating] Problems report is available at: file:///C:/Projects/BetterMods/BetterEnd-Fabric-1.21.11/build/reports/problems/problems-report.html

FAILURE: Build failed with an exception.

* What went wrong:
Execution failed for task ':compileJava' (registered by plugin class 'org.gradle.api.plugins.JavaBasePlugin').
> Compilation failed; see the compiler output below.
  C:\Projects\BetterMods\BetterEnd-Fabric-1.21.11\src\main\java\org\betterx\betterend\registry\EndEntities.java:124: error: method build in class FabricEntityTypeBuilder<T> cannot be applied to given types;
                  .build();
                  ^
    required: ResourceKey<EntityType<?>>
    found:    no arguments
    reason: actual and formal argument lists differ in length
    where T is a type-variable:
      T extends Entity declared in class FabricEntityTypeBuilder
  C:\Projects\BetterMods\BetterEnd-Fabric-1.21.11\src\main\java\org\betterx\betterend\registry\EndEntities.java:146: error: method build in class FabricEntityTypeBuilder<T> cannot be applied to given types;
                  .build();
                  ^
    required: ResourceKey<EntityType<?>>
    found:    no arguments
    reason: actual and formal argument lists differ in length
    where T is a type-variable:
      T extends Entity declared in class FabricEntityTypeBuilder
  C:\Projects\BetterMods\BetterEnd-Fabric-1.21.11\src\main\java\org\betterx\betterend\commands\CommandRegistry.java:164: error: no suitable method found for teleport(double,double,double,int,int,Set)
              player.connection.teleport(
                               ^
      method ServerGamePacketListenerImpl.teleport(double,double,double,float,float) is not applicable
        (actual and formal argument lists differ in length)
      method ServerGamePacketListenerImpl.teleport(PositionMoveRotation,Set<Relative>) is not applicable
        (actual and formal argument lists differ in length)
  Note: Recompile with -Xlint:deprecation for details.
  C:\Projects\BetterMods\BetterEnd-Fabric-1.21.11\src\main\java\org\betterx\betterend\integration\rei\REIAlloyingDisplay.java:26: error: REIAlloyingDisplay is not abstract and does not override abstract method getSerializer() in Display
  public class REIAlloyingDisplay extends BasicDisplay implements SimpleGridMenuDisplay {
         ^
  C:\Projects\BetterMods\BetterEnd-Fabric-1.21.11\src\main\java\org\betterx\betterend\integration\rei\REIAlloyingFuelDisplay.java:10: error: REIAlloyingFuelDisplay is not abstract and does not override abstract method getSerializer() in Display
  public class REIAlloyingFuelDisplay extends BasicDisplay {
         ^
  C:\Projects\BetterMods\BetterEnd-Fabric-1.21.11\src\main\java\org\betterx\betterend\integration\rei\REIAnvilDisplay.java:19: error: REIAnvilDisplay is not abstract and does not override abstract method getSerializer() in Display
  public class REIAnvilDisplay extends BasicDisplay implements SimpleGridMenuDisplay {
         ^
  C:\Projects\BetterMods\BetterEnd-Fabric-1.21.11\src\main\java\org\betterx\betterend\integration\rei\REIBlastingDisplay.java:26: error: REIBlastingDisplay is not abstract and does not override abstract method getSerializer() in Display
  public class REIBlastingDisplay extends BasicDisplay implements SimpleGridMenuDisplay {
         ^
  C:\Projects\BetterMods\BetterEnd-Fabric-1.21.11\src\main\java\org\betterx\betterend\integration\rei\REIInfusionDisplay.java:18: error: REIInfusionDisplay is not abstract and does not override abstract method getSerializer() in Display
  public class REIInfusionDisplay extends BasicDisplay implements SimpleGridMenuDisplay {
         ^
  C:\Projects\BetterMods\BetterEnd-Fabric-1.21.11\src\main\java\org\betterx\datagen\betterend\EndEquipmentAssetProvider.java:18: error: EndEquipmentAssetProvider is not abstract and does not override abstract method getProvider(FabricDataOutput,CompletableFuture<Provider>) in WoverDataProvider
  public class EndEquipmentAssetProvider implements WoverDataProvider<DataProvider> {
         ^
  C:\Projects\BetterMods\BetterEnd-Fabric-1.21.11\src\main\java\org\betterx\betterend\integration\emi\EMIInfusionRecipe.java:49: error: incompatible types: ResourceKey<Recipe<?>> cannot be converted to Identifier
          this.id = recipe.id();
                             ^
  C:\Projects\BetterMods\BetterEnd-Fabric-1.21.11\src\main\java\org\betterx\betterend\integration\rei\REIAlloyingDisplay.java:58: error: incompatible types: inference variable U has incompatible bounds
          return Optional.ofNullable(recipe).map(RecipeHolder::id);
                                                ^
      equality constraints: Identifier
      lower bounds: ResourceKey<Recipe<?>>
    where U,T are type-variables:
      U extends Object declared in method <U>map(Function<? super T,? extends U>)
      T extends Object declared in class Optional
  C:\Projects\BetterMods\BetterEnd-Fabric-1.21.11\src\main\java\org\betterx\betterend\integration\rei\REIAnvilDisplay.java:49: error: incompatible types: inference variable U has incompatible bounds
          return Optional.ofNullable(recipe).map(RecipeHolder::id);
                                                ^
      equality constraints: Identifier
      lower bounds: ResourceKey<Recipe<?>>
    where U,T are type-variables:
      U extends Object declared in method <U>map(Function<? super T,? extends U>)
      T extends Object declared in class Optional
  C:\Projects\BetterMods\BetterEnd-Fabric-1.21.11\src\main\java\org\betterx\betterend\integration\rei\REIBlastingDisplay.java:57: error: incompatible types: inference variable U has incompatible bounds
          return Optional.ofNullable(recipe).map(RecipeHolder::id);
                                                ^
      equality constraints: Identifier
      lower bounds: ResourceKey<Recipe<?>>
    where U,T are type-variables:
      U extends Object declared in method <U>map(Function<? super T,? extends U>)
      T extends Object declared in class Optional
  C:\Projects\BetterMods\BetterEnd-Fabric-1.21.11\src\main\java\org\betterx\betterend\integration\rei\REIInfusionDisplay.java:40: error: incompatible types: inference variable U has incompatible bounds
          return Optional.ofNullable(recipe).map(RecipeHolder::id);
                                                ^
      equality constraints: Identifier
      lower bounds: ResourceKey<Recipe<?>>
    where U,T are type-variables:
      U extends Object declared in method <U>map(Function<? super T,? extends U>)
      T extends Object declared in class Optional
  C:\Projects\BetterMods\BetterEnd-Fabric-1.21.11\src\main\java\org\betterx\betterend\registry\EndFeatures.java:106: error: incompatible types: Optional<Reference<Feature<?>>> cannot be converted to F
              return (F) features.get(l);
                                     ^
    where F,FC are type-variables:
      F extends Feature<FC> declared in method <F,FC>inlineBuild(String,F)
      FC extends FeatureConfiguration declared in method <F,FC>inlineBuild(String,F)
  C:\Projects\BetterMods\BetterEnd-Fabric-1.21.11\src\main\java\org\betterx\betterend\commands\CommandRegistry.java:16: error: cannot find symbol
  import net.minecraft.Util;
                      ^
    symbol:   class Util
    location: package net.minecraft
  C:\Projects\BetterMods\BetterEnd-Fabric-1.21.11\src\main\java\org\betterx\betterend\integration\rei\REIPlugin.java:17: error: cannot find symbol
  import net.fabricmc.fabric.api.registry.FuelRegistry;
                                         ^
    symbol:   class FuelRegistry
    location: package net.fabricmc.fabric.api.registry
  C:\Projects\BetterMods\BetterEnd-Fabric-1.21.11\src\main\java\org\betterx\betterend\integration\rei\REIPlugin.java:18: error: cannot find symbol
  import net.fabricmc.fabric.impl.content.registry.FuelRegistryImpl;
                                                  ^
    symbol:   class FuelRegistryImpl
    location: package net.fabricmc.fabric.impl.content.registry
  C:\Projects\BetterMods\BetterEnd-Fabric-1.21.11\src\main\java\org\betterx\betterend\client\BetterEndClient.java:57: error: cannot find symbol
          ItemTooltipCallback.EVENT.register((player, stack, context, lines) -> {
                             ^
    symbol:   variable EVENT
    location: interface ItemTooltipCallback
  C:\Projects\BetterMods\BetterEnd-Fabric-1.21.11\src\main\java\org\betterx\betterend\client\render\BetterEndSkyRenderer.java:288: error: cannot find symbol
          RenderPipeline pipeline = textured ? BetterEndRenderPipelines.SKY_TEXTURED : BetterEndRenderPipelines.SKY_STARS;
                                               ^
    symbol:   variable BetterEndRenderPipelines
    location: class BetterEndSkyRenderer
  C:\Projects\BetterMods\BetterEnd-Fabric-1.21.11\src\main\java\org\betterx\betterend\client\render\BetterEndSkyRenderer.java:288: error: cannot find symbol
          RenderPipeline pipeline = textured ? BetterEndRenderPipelines.SKY_TEXTURED : BetterEndRenderPipelines.SKY_STARS;
                                                                                       ^
    symbol:   variable BetterEndRenderPipelines
    location: class BetterEndSkyRenderer
  C:\Projects\BetterMods\BetterEnd-Fabric-1.21.11\src\main\java\org\betterx\betterend\commands\CommandRegistry.java:195: error: cannot find symbol
                  Stopwatch stopwatch = Stopwatch.createStarted(Util.TICKER);
                                                                ^
    symbol:   variable Util
    location: class CommandRegistry
  C:\Projects\BetterMods\BetterEnd-Fabric-1.21.11\src\main\java\org\betterx\betterend\effects\EndStatusEffects.java:25: error: cannot find symbol
              MobEffects.DIG_SPEED,
                        ^
    symbol:   variable DIG_SPEED
    location: class MobEffects
  C:\Projects\BetterMods\BetterEnd-Fabric-1.21.11\src\main\java\org\betterx\betterend\effects\EndStatusEffects.java:33: error: cannot find symbol
              MobEffects.MOVEMENT_SPEED,
                        ^
    symbol:   variable MOVEMENT_SPEED
    location: class MobEffects
  C:\Projects\BetterMods\BetterEnd-Fabric-1.21.11\src\main\java\org\betterx\betterend\integration\DyeDepotIntegration.java:19: error: cannot find symbol
          super(BetterEnd.DYE_DEPOT);
                         ^
    symbol:   variable DYE_DEPOT
    location: class BetterEnd
  C:\Projects\BetterMods\BetterEnd-Fabric-1.21.11\src\main\java\org\betterx\betterend\integration\emi\EMIBlastingRecipe.java:22: error: cannot find symbol
          return recipe.getCookingTime();
                 ^
    symbol:   variable recipe
    location: class EMIBlastingRecipe
  C:\Projects\BetterMods\BetterEnd-Fabric-1.21.11\src\main\java\org\betterx\betterend\integration\emi\EMIBlastingRecipe.java:27: error: cannot find symbol
          return recipe.getExperience();
                 ^
    symbol:   variable recipe
    location: class EMIBlastingRecipe
  C:\Projects\BetterMods\BetterEnd-Fabric-1.21.11\src\main\java\org\betterx\betterend\integration\emi\EMIPlugin.java:40: error: cannot find symbol
          if (org.betterx.bclib.integration.emi.EMIPlugin.END_ALLOYING_CATEGORY != null) {
                                                         ^
    symbol:   variable END_ALLOYING_CATEGORY
    location: class EMIPlugin
  C:\Projects\BetterMods\BetterEnd-Fabric-1.21.11\src\main\java\org\betterx\betterend\integration\emi\EMIPlugin.java:50: error: cannot find symbol
          if (org.betterx.bclib.integration.emi.EMIPlugin.ANVIL_CATEGORIES != null
                                                         ^
    symbol:   variable ANVIL_CATEGORIES
    location: class EMIPlugin
  C:\Projects\BetterMods\BetterEnd-Fabric-1.21.11\src\main\java\org\betterx\betterend\integration\emi\EMIPlugin.java:51: error: cannot find symbol
                  && org.betterx.bclib.integration.emi.EMIPlugin.ANVIL_WORKSTATIONS != null) {
                                                                ^
    symbol:   variable ANVIL_WORKSTATIONS
    location: class EMIPlugin
  C:\Projects\BetterMods\BetterEnd-Fabric-1.21.11\src\main\java\org\betterx\betterend\integration\emi\EMIPlugin.java:52: error: cannot find symbol
              for (int i = 0; i < org.betterx.bclib.integration.emi.EMIPlugin.ANVIL_CATEGORIES.length; i++) {
                                                                             ^
    symbol:   variable ANVIL_CATEGORIES
    location: class EMIPlugin
  C:\Projects\BetterMods\BetterEnd-Fabric-1.21.11\src\main\java\org\betterx\betterend\integration\emi\EMIPlugin.java:53: error: cannot find symbol
                  EmiRecipeCategory category = org.betterx.bclib.integration.emi.EMIPlugin.ANVIL_CATEGORIES[i];
                                                                                          ^
    symbol:   variable ANVIL_CATEGORIES
    location: class EMIPlugin
  C:\Projects\BetterMods\BetterEnd-Fabric-1.21.11\src\main\java\org\betterx\betterend\integration\emi\EMIPlugin.java:58: error: cannot find symbol
                              org.betterx.bclib.integration.emi.EMIPlugin.ANVIL_WORKSTATIONS[i]
                                                                         ^
    symbol:   variable ANVIL_WORKSTATIONS
    location: class EMIPlugin
  C:\Projects\BetterMods\BetterEnd-Fabric-1.21.11\src\main\java\org\betterx\betterend\integration\Integrations.java:21: error: cannot find symbol
          if (BetterEnd.PATCHOULI.isLoaded() && BetterEnd.ENABLE_GUIDEBOOK) {
                       ^
    symbol:   variable PATCHOULI
    location: class BetterEnd
  C:\Projects\BetterMods\BetterEnd-Fabric-1.21.11\src\main\java\org\betterx\betterend\integration\Integrations.java:21: error: cannot find symbol
          if (BetterEnd.PATCHOULI.isLoaded() && BetterEnd.ENABLE_GUIDEBOOK) {
                                                         ^
    symbol:   variable ENABLE_GUIDEBOOK
    location: class BetterEnd
  C:\Projects\BetterMods\BetterEnd-Fabric-1.21.11\src\main\java\org\betterx\betterend\integration\rei\REIPlugin.java:63: error: cannot find symbol
          if (FuelRegistry.INSTANCE instanceof FuelRegistryImpl fabricImpl) {
              ^
    symbol:   variable FuelRegistry
    location: class REIPlugin
  C:\Projects\BetterMods\BetterEnd-Fabric-1.21.11\src\main\java\org\betterx\betterend\integration\rei\REIPlugin.java:63: error: cannot find symbol
          if (FuelRegistry.INSTANCE instanceof FuelRegistryImpl fabricImpl) {
                                               ^
    symbol:   class FuelRegistryImpl
    location: class REIPlugin
  C:\Projects\BetterMods\BetterEnd-Fabric-1.21.11\src\main\java\org\betterx\betterend\registry\EndItems.java:76: error: cannot find symbol
      public static final Item GUIDE_BOOK = BetterEnd.ENABLE_GUIDEBOOK
                                                     ^
    symbol:   variable ENABLE_GUIDEBOOK
    location: class BetterEnd
  C:\Projects\BetterMods\BetterEnd-Fabric-1.21.11\src\main\java\org\betterx\datagen\betterend\BetterEndDatagen.java:69: error: cannot find symbol
          if (BetterEnd.ENABLE_GUIDEBOOK && BetterEnd.PATCHOULI_ADDITIONS_PACK != null) {
                       ^
    symbol:   variable ENABLE_GUIDEBOOK
    location: class BetterEnd
  C:\Projects\BetterMods\BetterEnd-Fabric-1.21.11\src\main\java\org\betterx\datagen\betterend\BetterEndDatagen.java:69: error: cannot find symbol
          if (BetterEnd.ENABLE_GUIDEBOOK && BetterEnd.PATCHOULI_ADDITIONS_PACK != null) {
                                                     ^
    symbol:   variable PATCHOULI_ADDITIONS_PACK
    location: class BetterEnd
  C:\Projects\BetterMods\BetterEnd-Fabric-1.21.11\src\main\java\org\betterx\datagen\betterend\BetterEndDatagen.java:70: error: cannot find symbol
              addDatapack(BetterEnd.PATCHOULI_ADDITIONS_PACK)
                                   ^
    symbol:   variable PATCHOULI_ADDITIONS_PACK
    location: class BetterEnd
  C:\Projects\BetterMods\BetterEnd-Fabric-1.21.11\src\main\java\org\betterx\betterend\client\gui\EndStoneSmelterRecipeBookScreen.java:55: error: setResult(Slot,ContextMap,SlotDisplay) has protected access in GhostSlots
          ghostSlots.setResult(this.menu.getResultSlot(), context, recipeDisplay.result());
                    ^
  C:\Projects\BetterMods\BetterEnd-Fabric-1.21.11\src\main\java\org\betterx\betterend\client\gui\EndStoneSmelterRecipeBookScreen.java:57: error: setInput(Slot,ContextMap,SlotDisplay) has protected access in GhostSlots
              ghostSlots.setInput(this.menu.getInputSlotA(), context, furnaceRecipeDisplay.ingredient());
                        ^
  C:\Projects\BetterMods\BetterEnd-Fabric-1.21.11\src\main\java\org\betterx\betterend\client\gui\EndStoneSmelterRecipeBookScreen.java:60: error: setInput(Slot,ContextMap,SlotDisplay) has protected access in GhostSlots
                  ghostSlots.setInput(fuelSlot, context, furnaceRecipeDisplay.fuel());
                            ^
  C:\Projects\BetterMods\BetterEnd-Fabric-1.21.11\src\main\java\org\betterx\betterend\mixin\client\ArmorStandRendererMixin.java:47: error: addLayer(RenderLayer<S,M>) has protected access in LivingEntityRenderer
          renderer.addLayer(new ArmoredElytraLayer(parent, modelSet));
                  ^
    where S,M are type-variables:
      S extends LivingEntityRenderState declared in class LivingEntityRenderer
      M extends EntityModel<? super S> declared in class LivingEntityRenderer
  C:\Projects\BetterMods\BetterEnd-Fabric-1.21.11\src\main\java\org\betterx\betterend\mixin\client\HumanoidMobRendererMixin.java:47: error: addLayer(RenderLayer<S,M>) has protected access in LivingEntityRenderer
          renderer.addLayer(new ArmoredElytraLayer(parent, modelSet));
                  ^
    where S,M are type-variables:
      S extends LivingEntityRenderState declared in class LivingEntityRenderer
      M extends EntityModel<? super S> declared in class LivingEntityRenderer
  C:\Projects\BetterMods\BetterEnd-Fabric-1.21.11\src\main\java\org\betterx\betterend\mixin\client\PlayerRendererMixin.java:47: error: addLayer(RenderLayer<S,M>) has protected access in LivingEntityRenderer
          renderer.addLayer(new ArmoredElytraLayer(parent, modelSet));
                  ^
    where S,M are type-variables:
      S extends LivingEntityRenderState declared in class LivingEntityRenderer
      M extends EntityModel<? super S> declared in class LivingEntityRenderer
  Note: Recompile with -Xlint:unchecked for details.
  Note: Some input files use or override a deprecated API.
  C:\Projects\BetterMods\BetterEnd-Fabric-1.21.11\src\main\java\org\betterx\betterend\integration\emi\EMIBlastingRecipe.java:20: error: method does not override or implement a method from a supertype
      @Override
      ^
  C:\Projects\BetterMods\BetterEnd-Fabric-1.21.11\src\main\java\org\betterx\betterend\integration\emi\EMIBlastingRecipe.java:25: error: method does not override or implement a method from a supertype
      @Override
      ^
  C:\Projects\BetterMods\BetterEnd-Fabric-1.21.11\src\main\java\org\betterx\datagen\betterend\EndEquipmentAssetProvider.java:22: error: method does not override or implement a method from a supertype
      @Override
      ^
  Note: Some input files use unchecked or unsafe operations.
  C:\Projects\BetterMods\BetterEnd-Fabric-1.21.11\src\main\java\org\betterx\betterend\blocks\entities\EndStoneSmelterBlockEntity.java:538: error: cannot find symbol
          return stack.getBurnTime(RecipeType.BLASTING, level.fuelValues());
                      ^
    symbol:   method getBurnTime(RecipeType<BlastingRecipe>,FuelValues)
    location: variable stack of type ItemStack
  C:\Projects\BetterMods\BetterEnd-Fabric-1.21.11\src\main\java\org\betterx\betterend\client\BetterEndClient.java:42: error: cannot find symbol
              pluginContext.resolveModel().register((context) -> {
                           ^
    symbol:   method resolveModel()
    location: variable pluginContext of type Context
  C:\Projects\BetterMods\BetterEnd-Fabric-1.21.11\src\main\java\org\betterx\betterend\commands\CommandRegistry.java:60: error: cannot find symbol
                          .requires(source -> source.hasPermission(Commands.LEVEL_OWNERS))
                                                    ^
    symbol:   method hasPermission(PermissionCheck)
    location: variable source of type CommandSourceStack
  C:\Projects\BetterMods\BetterEnd-Fabric-1.21.11\src\main\java\org\betterx\betterend\commands\CommandRegistry.java:62: error: cannot find symbol
                                        .requires(source -> source.hasPermission(Commands.LEVEL_OWNERS))
                                                                  ^
    symbol:   method hasPermission(PermissionCheck)
    location: variable source of type CommandSourceStack
  C:\Projects\BetterMods\BetterEnd-Fabric-1.21.11\src\main\java\org\betterx\betterend\commands\CommandRegistry.java:66: error: cannot find symbol
                                        .requires(source -> source.hasPermission(Commands.LEVEL_OWNERS))
                                                                  ^
    symbol:   method hasPermission(PermissionCheck)
    location: variable source of type CommandSourceStack
  C:\Projects\BetterMods\BetterEnd-Fabric-1.21.11\src\main\java\org\betterx\betterend\commands\CommandRegistry.java:70: error: cannot find symbol
                                        .requires(source -> source.hasPermission(Commands.LEVEL_OWNERS))
                                                                  ^
    symbol:   method hasPermission(PermissionCheck)
    location: variable source of type CommandSourceStack
  C:\Projects\BetterMods\BetterEnd-Fabric-1.21.11\src\main\java\org\betterx\betterend\commands\CommandRegistry.java:110: error: cannot find symbol
                  .registry(Registries.BIOME)
                  ^
    symbol:   method registry(ResourceKey<Registry<Biome>>)
    location: interface RegistryAccess
  C:\Projects\BetterMods\BetterEnd-Fabric-1.21.11\src\main\java\org\betterx\betterend\commands\CommandRegistry.java:155: error: cannot find symbol
                  if (yPos <= player.level().getMinBuildHeight() + 1) {
                                            ^
    symbol:   method getMinBuildHeight()
    location: class ServerLevel
  C:\Projects\BetterMods\BetterEnd-Fabric-1.21.11\src\main\java\org\betterx\betterend\commands\CommandRegistry.java:160: error: cannot find symbol
              } while (!state.isAir() && yPos > player.level().getMinBuildHeight() && yPos < player.level()
                                                              ^
    symbol:   method getMinBuildHeight()
    location: class ServerLevel
  C:\Projects\BetterMods\BetterEnd-Fabric-1.21.11\src\main\java\org\betterx\betterend\commands\CommandRegistry.java:161: error: cannot find symbol
                                                                                                   .getMaxBuildHeight());
                                                                                                   ^
    symbol:   method getMaxBuildHeight()
    location: class ServerLevel
  C:\Projects\BetterMods\BetterEnd-Fabric-1.21.11\src\main\java\org\betterx\betterend\commands\CommandRegistry.java:197: error: cannot find symbol
                                              .registryOrThrow(Registries.BIOME)
                                              ^
    symbol:   method registryOrThrow(ResourceKey<Registry<Biome>>)
    location: interface RegistryAccess
  C:\Projects\BetterMods\BetterEnd-Fabric-1.21.11\src\main\java\org\betterx\betterend\integration\emi\EMIBlastingRecipe.java:16: error: cannot find symbol
                  recipe.id().getNamespace() + "/" + recipe.id().getPath() + "/allloying"
                             ^
    symbol:   method getNamespace()
    location: class ResourceKey<Recipe<?>>
  C:\Projects\BetterMods\BetterEnd-Fabric-1.21.11\src\main\java\org\betterx\betterend\integration\emi\EMIBlastingRecipe.java:16: error: cannot find symbol
                  recipe.id().getNamespace() + "/" + recipe.id().getPath() + "/allloying"
                                                                ^
    symbol:   method getPath()
    location: class ResourceKey<Recipe<?>>
  C:\Projects\BetterMods\BetterEnd-Fabric-1.21.11\src\main\java\org\betterx\betterend\integration\emi\EMIBlastingRecipe.java:32: error: cannot find symbol
          EMIPlugin.addAllRecipes(
                   ^
    symbol:   method addAllRecipes(EmiRegistry,RecipeManager,Logger,RecipeType<BlastingRecipe>,EMIBlastin[...]::new)
    location: class EMIPlugin
  C:\Projects\BetterMods\BetterEnd-Fabric-1.21.11\src\main\java\org\betterx\betterend\integration\emi\EMIInfusionRecipe.java:57: error: cannot find symbol
          org.betterx.bclib.integration.emi.EMIPlugin.addAllRecipes(
                                                     ^
    symbol:   method addAllRecipes(EmiRegistry,RecipeManager,Logger,RecipeType<InfusionRecipe>,EMIInfusio[...]::new)
    location: class EMIPlugin
  C:\Projects\BetterMods\BetterEnd-Fabric-1.21.11\src\main\java\org\betterx\betterend\integration\emi\EMIPlugin.java:30: error: cannot find symbol
              org.betterx.bclib.integration.emi.EMIPlugin.getSprite(0, 16)
                                                         ^
    symbol:   method getSprite(int,int)
    location: class EMIPlugin
  C:\Projects\BetterMods\BetterEnd-Fabric-1.21.11\src\main\java\org\betterx\betterend\integration\emi\EMIPlugin.java:49: error: cannot find symbol
          bclibPlugin.lazyInit();
                     ^
    symbol:   method lazyInit()
    location: variable bclibPlugin of type EMIPlugin
  C:\Projects\BetterMods\BetterEnd-Fabric-1.21.11\src\main\java\org\betterx\betterend\integration\emi\EMIPlugin.java:63: error: cannot find symbol
              org.betterx.bclib.integration.emi.EMIPlugin.addAllRecipes(
                                                         ^
    symbol:   method addAllRecipes(EmiRegistry,RecipeManager,Logger,RecipeType<AnvilRecipe>,(recipe)->[...]ist(),EMIAnvilRecipe::new)
    location: class EMIPlugin
  C:\Projects\BetterMods\BetterEnd-Fabric-1.21.11\src\main\java\org\betterx\betterend\integration\rei\REIBlastingDisplay.java:35: error: cannot find symbol
          this(recipe, recipe.value().getExperience(), recipe.value().getCookingTime());
                                     ^
    symbol:   method getExperience()
    location: class BlastingRecipe
  C:\Projects\BetterMods\BetterEnd-Fabric-1.21.11\src\main\java\org\betterx\betterend\integration\rei\REIBlastingDisplay.java:35: error: cannot find symbol
          this(recipe, recipe.value().getExperience(), recipe.value().getCookingTime());
                                                                     ^
    symbol:   method getCookingTime()
    location: class BlastingRecipe
  C:\Projects\BetterMods\BetterEnd-Fabric-1.21.11\src\main\java\org\betterx\betterend\integration\rei\REIBlastingDisplay.java:40: error: cannot find symbol
                  EntryIngredients.ofIngredients(recipe.value().getIngredients()),
                                                               ^
    symbol:   method getIngredients()
    location: class BlastingRecipe
  C:\Projects\BetterMods\BetterEnd-Fabric-1.21.11\src\main\java\org\betterx\betterend\integration\rei\REIBlastingDisplay.java:43: error: cannot find symbol
                          .getResultItem(Minecraft.getInstance().level.registryAccess())))
                          ^
    symbol:   method getResultItem(RegistryAccess)
    location: class BlastingRecipe
  C:\Projects\BetterMods\BetterEnd-Fabric-1.21.11\src\main\java\org\betterx\betterend\integration\rei\REIPlugin.java:58: error: cannot find symbol
          registry.registerRecipeFiller(AlloyingRecipe.class, AlloyingRecipe.TYPE, REIAlloyingDisplay::new);
                  ^
    symbol:   method registerRecipeFiller(Class<AlloyingRecipe>,RecipeType<AlloyingRecipe>,REIAlloyin[...]::new)
    location: variable registry of type DisplayRegistry
  C:\Projects\BetterMods\BetterEnd-Fabric-1.21.11\src\main\java\org\betterx\betterend\integration\rei\REIPlugin.java:59: error: cannot find symbol
          registry.registerRecipeFiller(BlastingRecipe.class, RecipeType.BLASTING, REIBlastingDisplay::new);
                  ^
    symbol:   method registerRecipeFiller(Class<BlastingRecipe>,RecipeType<BlastingRecipe>,REIBlastin[...]::new)
    location: variable registry of type DisplayRegistry
  C:\Projects\BetterMods\BetterEnd-Fabric-1.21.11\src\main\java\org\betterx\betterend\integration\rei\REIPlugin.java:60: error: cannot find symbol
          registry.registerRecipeFiller(AnvilRecipe.class, AnvilRecipe.TYPE, REIAnvilDisplay::new);
                  ^
    symbol:   method registerRecipeFiller(Class<AnvilRecipe>,RecipeType<AnvilRecipe>,REIAnvilDi[...]::new)
    location: variable registry of type DisplayRegistry
  C:\Projects\BetterMods\BetterEnd-Fabric-1.21.11\src\main\java\org\betterx\betterend\integration\rei\REIPlugin.java:61: error: cannot find symbol
          registry.registerRecipeFiller(InfusionRecipe.class, InfusionRecipe.TYPE, REIInfusionDisplay::new);
                  ^
    symbol:   method registerRecipeFiller(Class<InfusionRecipe>,RecipeType<InfusionRecipe>,REIInfusio[...]::new)
    location: variable registry of type DisplayRegistry
  C:\Projects\BetterMods\BetterEnd-Fabric-1.21.11\src\main\java\org\betterx\betterend\mixin\common\EnderManMixin.java:23: error: cannot find symbol
          if (player.isCreative() || player.hasEffect(EndStatusEffects.END_VEIL) || EnchantmentHelper.has(headItem, EndEnchantments.getEndVeilState())) {
                                                                                                                                   ^
    symbol:   method getEndVeilState()
    location: class EndEnchantments
  C:\Projects\BetterMods\BetterEnd-Fabric-1.21.11\src\main\java\org\betterx\betterend\registry\EndBlocks.java:624: error: cannot find symbol
              BLOCKS_REGISTRY.setInitializer(EndBlocks::registerBlocks);
                             ^
    symbol:   method setInitializer(EndBlocks:[...]locks)
    location: variable BLOCKS_REGISTRY of type BlockRegistry
  C:\Projects\BetterMods\BetterEnd-Fabric-1.21.11\src\main\java\org\betterx\betterend\registry\EndFeatures.java:100: error: cannot find symbol
              features = WorldState.allStageRegistryAccess().registryOrThrow(Registries.FEATURE);
                                                            ^
    symbol:   method registryOrThrow(ResourceKey<Registry<Feature<?>>>)
    location: interface RegistryAccess
  C:\Projects\BetterMods\BetterEnd-Fabric-1.21.11\src\main\java\org\betterx\betterend\registry\EndPortals.java:22: error: cannot find symbol
      public final static Identifier OVERWORLD_ID = Level.OVERWORLD.location();
                                                                   ^
    symbol:   method location()
    location: variable OVERWORLD of type ResourceKey<Level>
  C:\Projects\BetterMods\BetterEnd-Fabric-1.21.11\src\main\java\org\betterx\betterend\registry\EndPortals.java:145: error: cannot find symbol
                  if (world.dimension().location().equals(dimension)) {
                                       ^
    symbol:   method location()
    location: class ResourceKey<Level>
  C:\Projects\BetterMods\BetterEnd-Fabric-1.21.11\src\main\java\org\betterx\betterend\util\LootTableUtil.java:48: error: cannot find symbol
              final Identifier id = key.location();
                                       ^
    symbol:   method location()
    location: variable key of type ResourceKey<LootTable>
  C:\Projects\BetterMods\BetterEnd-Fabric-1.21.11\src\main\java\org\betterx\datagen\betterend\recipes\EndEnchantmentProvider.java:34: error: cannot find symbol
                  .withEffect(EndEnchantments.getEndVeilState())
                                             ^
    symbol:   method getEndVeilState()
    location: class EndEnchantments
  83 errors

* Try:
> Check your code and dependencies to fix the compilation error(s)
> Run with --scan to get full insights from a Build Scan (powered by Develocity).

Deprecated Gradle features were used in this build, making it incompatible with Gradle 10.

You can use '--warning-mode all' to show the individual deprecation warnings and determine if they come from your own scripts or plugins.

For more on this, please refer to https://docs.gradle.org/9.5.0/userguide/command_line_interface.html#sec:command_line_warnings in the Gradle documentation.

BUILD FAILED in 1m 28s
61 actionable tasks: 3 executed, 58 up-to-date

C:\Projects\BetterMods\BetterEnd-Fabric-1.21.11>if 1 EQU 0 goto mainEnd 

C:\Projects\BetterMods\BetterEnd-Fabric-1.21.11>rem Set variable GRADLE_EXIT_CONSOLE if you need the _script_ return code instead of 

C:\Projects\BetterMods\BetterEnd-Fabric-1.21.11>rem the _cmd.exe /c_ return code! 

C:\Projects\BetterMods\BetterEnd-Fabric-1.21.11>set EXIT_CODE=1 

C:\Projects\BetterMods\BetterEnd-Fabric-1.21.11>if 1 EQU 0 set EXIT_CODE=1 

C:\Projects\BetterMods\BetterEnd-Fabric-1.21.11>if not "" == "" exit 1 

C:\Projects\BetterMods\BetterEnd-Fabric-1.21.11>exit /b 1 
